SF:lib\src\blocs\album\album_bloc.dart
DA:10,6
DA:13,2
DA:14,2
DA:15,2
DA:17,4
DA:22,8
DA:24,6
DA:28,2
LF:8
LH:8
end_of_record
SF:lib\src\blocs\album\album_event.dart
DA:4,0
DA:5,0
LF:2
LH:0
end_of_record
SF:lib\src\blocs\album\album_state.dart
DA:6,1
DA:7,1
DA:15,2
DA:17,1
DA:18,2
DA:26,2
DA:28,1
DA:29,2
LF:8
LH:8
end_of_record
SF:lib\src\services\album_service\album_service.dart
DA:8,0
LF:1
LH:0
end_of_record
SF:lib\src\models\Album.dart
DA:10,2
DA:18,1
DA:19,1
DA:20,1
DA:21,1
DA:22,1
DA:23,1
DA:24,1
DA:27,0
DA:28,0
DA:29,0
DA:30,0
DA:31,0
DA:32,0
DA:33,0
DA:37,0
DA:38,0
DA:39,0
DA:40,0
DA:41,0
DA:42,0
DA:43,0
LF:22
LH:8
end_of_record
SF:lib\src\screens\home_screen.dart
DA:11,1
DA:13,3
DA:14,1
DA:15,1
DA:16,1
DA:18,1
DA:19,1
DA:20,1
DA:21,1
DA:22,1
DA:25,1
DA:26,1
DA:29,2
DA:32,1
DA:33,1
DA:34,1
DA:35,2
DA:36,1
DA:37,1
DA:44,1
LF:20
LH:20
end_of_record
SF:lib\src\widgets\album_card.dart
DA:7,2
DA:10,2
DA:12,2
DA:15,6
DA:16,2
DA:23,2
DA:25,2
DA:26,2
DA:28,4
DA:29,6
DA:30,6
DA:31,2
LF:12
LH:12
end_of_record
